c:\dev\phoebe-engine\bin\debug\intermediates\sandbox\vc141.pdb
c:\dev\phoebe-engine\bin\debug\intermediates\sandbox\vc141.idb
c:\dev\phoebe-engine\bin\debug\intermediates\sandbox\sandbox.obj
c:\dev\phoebe-engine\bin\debug\sandbox.lib
c:\dev\phoebe-engine\bin\debug\sandbox.exp
c:\dev\phoebe-engine\bin\debug\sandbox.pdb
c:\dev\phoebe-engine\bin\debug\intermediates\sandbox\sandbox.tlog\cl.command.1.tlog
c:\dev\phoebe-engine\bin\debug\intermediates\sandbox\sandbox.tlog\cl.read.1.tlog
c:\dev\phoebe-engine\bin\debug\intermediates\sandbox\sandbox.tlog\cl.write.1.tlog
c:\dev\phoebe-engine\bin\debug\intermediates\sandbox\sandbox.tlog\link.10852.delete.1.tlog
c:\dev\phoebe-engine\bin\debug\intermediates\sandbox\sandbox.tlog\link.17204-cvtres.read.1.tlog
c:\dev\phoebe-engine\bin\debug\intermediates\sandbox\sandbox.tlog\link.17204-cvtres.write.1.tlog
c:\dev\phoebe-engine\bin\debug\intermediates\sandbox\sandbox.tlog\link.17204-rc.read.1.tlog
c:\dev\phoebe-engine\bin\debug\intermediates\sandbox\sandbox.tlog\link.17204-rc.write.1.tlog
c:\dev\phoebe-engine\bin\debug\intermediates\sandbox\sandbox.tlog\link.17204.read.1.tlog
c:\dev\phoebe-engine\bin\debug\intermediates\sandbox\sandbox.tlog\link.17204.write.1.tlog
c:\dev\phoebe-engine\bin\debug\intermediates\sandbox\sandbox.tlog\link.command.1.tlog
c:\dev\phoebe-engine\bin\debug\intermediates\sandbox\sandbox.tlog\link.delete.1.tlog
c:\dev\phoebe-engine\bin\debug\intermediates\sandbox\sandbox.tlog\link.read.1.tlog
c:\dev\phoebe-engine\bin\debug\intermediates\sandbox\sandbox.tlog\link.write.1.tlog
c:\dev\phoebe-engine\bin\debug\intermediates\sandbox\sandbox.tlog\sandbox.write.1u.tlog
