c:\users\there\documents\visual studio 2015\projects\flow\bin\release\intermediates\vc140.pdb
c:\users\there\documents\visual studio 2015\projects\flow\bin\release\intermediates\layer.obj
c:\users\there\documents\visual studio 2015\projects\flow\bin\release\intermediates\basiclayer.obj
c:\users\there\documents\visual studio 2015\projects\flow\bin\release\intermediates\group.obj
c:\users\there\documents\visual studio 2015\projects\flow\bin\release\intermediates\label.obj
c:\users\there\documents\visual studio 2015\projects\flow\bin\release\intermediates\rectangle.obj
c:\users\there\documents\visual studio 2015\projects\flow\bin\release\intermediates\aabb.obj
c:\users\there\documents\visual studio 2015\projects\flow\bin\release\intermediates\renderobject.obj
c:\users\there\documents\visual studio 2015\projects\flow\bin\release\intermediates\font.obj
c:\users\there\documents\visual studio 2015\projects\flow\bin\release\intermediates\orthographiccamera.obj
c:\users\there\documents\visual studio 2015\projects\flow\bin\release\intermediates\camera.obj
c:\users\there\documents\visual studio 2015\projects\flow\bin\release\intermediates\vertexbuffer.obj
c:\users\there\documents\visual studio 2015\projects\flow\bin\release\intermediates\vertexarray.obj
c:\users\there\documents\visual studio 2015\projects\flow\bin\release\intermediates\indexbuffer.obj
c:\users\there\documents\visual studio 2015\projects\flow\bin\release\intermediates\bufferlayout.obj
c:\users\there\documents\visual studio 2015\projects\flow\bin\release\intermediates\debuglayer.obj
c:\users\there\documents\visual studio 2015\projects\flow\bin\release\intermediates\soundmanager.obj
c:\users\there\documents\visual studio 2015\projects\flow\bin\release\intermediates\mat4.obj
c:\users\there\documents\visual studio 2015\projects\flow\bin\release\intermediates\inputmanager.obj
c:\users\there\documents\visual studio 2015\projects\flow\bin\release\intermediates\shader.obj
c:\users\there\documents\visual studio 2015\projects\flow\bin\release\intermediates\sprite.obj
c:\users\there\documents\visual studio 2015\projects\flow\bin\release\intermediates\texturemanager.obj
c:\users\there\documents\visual studio 2015\projects\flow\bin\release\intermediates\texture.obj
c:\users\there\documents\visual studio 2015\projects\flow\bin\release\intermediates\renderer.obj
c:\users\there\documents\visual studio 2015\projects\flow\bin\release\intermediates\timer.obj
c:\users\there\documents\visual studio 2015\projects\flow\bin\release\intermediates\image.obj
c:\users\there\documents\visual studio 2015\projects\flow\bin\release\intermediates\filemanager.obj
c:\users\there\documents\visual studio 2015\projects\flow\bin\release\intermediates\vec4.obj
c:\users\there\documents\visual studio 2015\projects\flow\bin\release\intermediates\vec3.obj
c:\users\there\documents\visual studio 2015\projects\flow\bin\release\intermediates\vec2.obj
c:\users\there\documents\visual studio 2015\projects\flow\bin\release\intermediates\window.obj
c:\users\there\documents\visual studio 2015\projects\flow\bin\release\intermediates\fontmanager.obj
c:\users\there\documents\visual studio 2015\projects\flow\bin\release\intermediates\sound.obj
c:\users\there\documents\visual studio 2015\projects\flow\bin\release\intermediates\application.obj
c:\users\there\documents\visual studio 2015\projects\flow\bin\release\intermediates\demo.obj
c:\users\there\documents\visual studio 2015\projects\flow\bin\release\intermediates\imgui_draw.obj
c:\users\there\documents\visual studio 2015\projects\flow\bin\release\intermediates\imgui_demo.obj
c:\users\there\documents\visual studio 2015\projects\flow\bin\release\intermediates\imgui.obj
c:\users\there\documents\visual studio 2015\projects\flow\bin\release\intermediates\imgui_impl_glfw_gl3.obj
c:\users\there\documents\visual studio 2015\projects\flow\bin\release\flow-core.exe
c:\users\there\documents\visual studio 2015\projects\flow\bin\release\flow-core.ipdb
c:\users\there\documents\visual studio 2015\projects\flow\bin\release\flow-core.iobj
c:\users\there\documents\visual studio 2015\projects\flow\bin\release\flow-core.pdb
c:\users\there\documents\visual studio 2015\projects\flow\bin\release\intermediates\flow-core.tlog\cl.command.1.tlog
c:\users\there\documents\visual studio 2015\projects\flow\bin\release\intermediates\flow-core.tlog\cl.read.1.tlog
c:\users\there\documents\visual studio 2015\projects\flow\bin\release\intermediates\flow-core.tlog\cl.write.1.tlog
c:\users\there\documents\visual studio 2015\projects\flow\bin\release\intermediates\flow-core.tlog\link.command.1.tlog
c:\users\there\documents\visual studio 2015\projects\flow\bin\release\intermediates\flow-core.tlog\link.read.1.tlog
c:\users\there\documents\visual studio 2015\projects\flow\bin\release\intermediates\flow-core.tlog\link.write.1.tlog
