  Demo.cpp
  Application.cpp
  Window.cpp
  Sound.cpp
  SoundManager.cpp
  DebugLayer.cpp
  IndexBuffer.cpp
  Renderer.cpp
  Texture.cpp
  BufferLayout.cpp
  VertexArray.cpp
  VertexBuffer.cpp
  Camera.cpp
  OrthographicCamera.cpp
  Font.cpp
  FontManager.cpp
  Group.cpp
  Layer.cpp
  Label.cpp
  RenderObject.cpp
  Compiling...
  Sprite.cpp
  Shader.cpp
  Rectangle.cpp
  mat4.cpp
  vec2.cpp
  vec3.cpp
  vec4.cpp
  FileManager.cpp
  Image.cpp
  Timer.cpp
glad.lib(glad.obj) : warning LNK4075: ignoring '/EDITANDCONTINUE' due to '/OPT:ICF' specification
  Generating code
  106 of 2211 functions ( 4.8%) were compiled, the rest were copied from previous compilation.
    8 functions were new in current compilation
    28 functions had inline decision re-evaluated but remain unchanged
  Finished generating code
  Flow-core.vcxproj -> C:\Users\TheRe\Documents\Visual Studio 2015\Projects\Flow\bin\Release\Flow-core.exe
  Flow-core.vcxproj -> C:\Users\TheRe\Documents\Visual Studio 2015\Projects\Flow\bin\Release\Flow-core.pdb (Full PDB)
