c:\users\there\documents\visual studio 2015\projects\phoenix\bin\release\intermediates\phoenixcli.pch
c:\users\there\documents\visual studio 2015\projects\phoenix\bin\release\intermediates\vc140.pdb
c:\users\there\documents\visual studio 2015\projects\phoenix\bin\release\intermediates\stdafx.obj
c:\users\there\documents\visual studio 2015\projects\phoenix\bin\release\intermediates\phoenixcli.obj
c:\users\there\documents\visual studio 2015\projects\phoenix\bin\release\intermediates\assemblyinfo.obj
c:\users\there\documents\visual studio 2015\projects\phoenix\bin\release\intermediates\.netframework,version=v4.5.2.assemblyattributes.obj
c:\users\there\documents\visual studio 2015\projects\phoenix\bin\release\intermediates\.netframework,version=v4.5.2.assemblyattributes.asm
c:\users\there\documents\visual studio 2015\projects\phoenix\bin\release\phoenixcli.dll
c:\users\there\documents\visual studio 2015\projects\phoenix\bin\release\phoenixcli.pdb
c:\users\there\documents\visual studio 2015\projects\phoenix\bin\release\intermediates\app.res
c:\users\there\documents\visual studio 2015\projects\phoenix\bin\release\intermediates\phoenixcli.vcxprojresolveassemblyreference.cache
c:\users\there\documents\visual studio 2015\projects\phoenix\bin\release\intermediates\phoenixcli.tlog\cl.command.1.tlog
c:\users\there\documents\visual studio 2015\projects\phoenix\bin\release\intermediates\phoenixcli.tlog\cl.read.1.tlog
c:\users\there\documents\visual studio 2015\projects\phoenix\bin\release\intermediates\phoenixcli.tlog\cl.write.1.tlog
c:\users\there\documents\visual studio 2015\projects\phoenix\bin\release\intermediates\phoenixcli.tlog\link.command.1.tlog
c:\users\there\documents\visual studio 2015\projects\phoenix\bin\release\intermediates\phoenixcli.tlog\link.read.1.tlog
c:\users\there\documents\visual studio 2015\projects\phoenix\bin\release\intermediates\phoenixcli.tlog\link.write.1.tlog
c:\users\there\documents\visual studio 2015\projects\phoenix\bin\release\intermediates\phoenixcli.tlog\metagen.read.1.tlog
c:\users\there\documents\visual studio 2015\projects\phoenix\bin\release\intermediates\phoenixcli.tlog\metagen.write.1.tlog
c:\users\there\documents\visual studio 2015\projects\phoenix\bin\release\intermediates\phoenixcli.tlog\rc.command.1.tlog
c:\users\there\documents\visual studio 2015\projects\phoenix\bin\release\intermediates\phoenixcli.tlog\rc.read.1.tlog
c:\users\there\documents\visual studio 2015\projects\phoenix\bin\release\intermediates\phoenixcli.tlog\rc.write.1.tlog
c:\users\there\documents\visual studio 2015\projects\phoenix\bin\release\intermediates\phoenixcli.tlog\tzres.dll.bi
