c:\users\there\documents\visual studio 2017\projects\phoenix-engine\bin\debug\intermediates\phoenix-core\phoenix-core.pdb
c:\users\there\documents\visual studio 2017\projects\phoenix-engine\bin\debug\intermediates\phoenix-core\phoenix-core.idb
c:\users\there\documents\visual studio 2017\projects\phoenix-engine\bin\debug\intermediates\phoenix-core\fontmanager.obj
c:\users\there\documents\visual studio 2017\projects\phoenix-engine\bin\debug\intermediates\phoenix-core\renderable.obj
c:\users\there\documents\visual studio 2017\projects\phoenix-engine\bin\debug\intermediates\phoenix-core\shadermanager.obj
c:\users\there\documents\visual studio 2017\projects\phoenix-engine\bin\debug\intermediates\phoenix-core\label.obj
c:\users\there\documents\visual studio 2017\projects\phoenix-engine\bin\debug\intermediates\phoenix-core\group.obj
c:\users\there\documents\visual studio 2017\projects\phoenix-engine\bin\debug\intermediates\phoenix-core\layer.obj
c:\users\there\documents\visual studio 2017\projects\phoenix-engine\bin\debug\intermediates\phoenix-core\renderer.obj
c:\users\there\documents\visual studio 2017\projects\phoenix-engine\bin\debug\intermediates\phoenix-core\sprite.obj
c:\users\there\documents\visual studio 2017\projects\phoenix-engine\bin\debug\intermediates\phoenix-core\shader.obj
c:\users\there\documents\visual studio 2017\projects\phoenix-engine\bin\debug\intermediates\phoenix-core\texture.obj
c:\users\there\documents\visual studio 2017\projects\phoenix-engine\bin\debug\intermediates\phoenix-core\inputmanager.obj
c:\users\there\documents\visual studio 2017\projects\phoenix-engine\bin\debug\intermediates\phoenix-core\mat4.obj
c:\users\there\documents\visual studio 2017\projects\phoenix-engine\bin\debug\intermediates\phoenix-core\rectangle.obj
c:\users\there\documents\visual studio 2017\projects\phoenix-engine\bin\debug\intermediates\phoenix-core\vec2.obj
c:\users\there\documents\visual studio 2017\projects\phoenix-engine\bin\debug\intermediates\phoenix-core\vec3.obj
c:\users\there\documents\visual studio 2017\projects\phoenix-engine\bin\debug\intermediates\phoenix-core\vec4.obj
c:\users\there\documents\visual studio 2017\projects\phoenix-engine\bin\debug\intermediates\phoenix-core\filemanager.obj
c:\users\there\documents\visual studio 2017\projects\phoenix-engine\bin\debug\intermediates\phoenix-core\window.obj
c:\users\there\documents\visual studio 2017\projects\phoenix-engine\bin\debug\intermediates\phoenix-core\image.obj
c:\users\there\documents\visual studio 2017\projects\phoenix-engine\bin\debug\intermediates\phoenix-core\timer.obj
c:\users\there\documents\visual studio 2017\projects\phoenix-engine\bin\debug\intermediates\phoenix-core\application.obj
c:\users\there\documents\visual studio 2017\projects\phoenix-engine\bin\debug\intermediates\phoenix-core\sound.obj
c:\users\there\documents\visual studio 2017\projects\phoenix-engine\bin\debug\intermediates\phoenix-core\soundmanager.obj
c:\users\there\documents\visual studio 2017\projects\phoenix-engine\bin\debug\intermediates\phoenix-core\debuginfolayer.obj
c:\users\there\documents\visual studio 2017\projects\phoenix-engine\bin\debug\intermediates\phoenix-core\bufferlayout.obj
c:\users\there\documents\visual studio 2017\projects\phoenix-engine\bin\debug\intermediates\phoenix-core\framebuffer.obj
c:\users\there\documents\visual studio 2017\projects\phoenix-engine\bin\debug\intermediates\phoenix-core\indexbuffer.obj
c:\users\there\documents\visual studio 2017\projects\phoenix-engine\bin\debug\intermediates\phoenix-core\vertexarray.obj
c:\users\there\documents\visual studio 2017\projects\phoenix-engine\bin\debug\intermediates\phoenix-core\vertexbuffer.obj
c:\users\there\documents\visual studio 2017\projects\phoenix-engine\bin\debug\intermediates\phoenix-core\camera.obj
c:\users\there\documents\visual studio 2017\projects\phoenix-engine\bin\debug\intermediates\phoenix-core\orthographiccamera.obj
c:\users\there\documents\visual studio 2017\projects\phoenix-engine\bin\debug\intermediates\phoenix-core\font.obj
c:\users\there\documents\visual studio 2017\projects\phoenix-engine\bin\debug\phoenix-core.lib
c:\users\there\documents\visual studio 2017\projects\phoenix-engine\bin\debug\phoenix-core.pdb
c:\users\there\documents\visual studio 2017\projects\phoenix-engine\bin\debug\intermediates\phoenix-core\phoenix-core.tlog\cl.command.1.tlog
c:\users\there\documents\visual studio 2017\projects\phoenix-engine\bin\debug\intermediates\phoenix-core\phoenix-core.tlog\cl.read.1.tlog
c:\users\there\documents\visual studio 2017\projects\phoenix-engine\bin\debug\intermediates\phoenix-core\phoenix-core.tlog\cl.write.1.tlog
c:\users\there\documents\visual studio 2017\projects\phoenix-engine\bin\debug\intermediates\phoenix-core\phoenix-core.tlog\lib-link.read.1.tlog
c:\users\there\documents\visual studio 2017\projects\phoenix-engine\bin\debug\intermediates\phoenix-core\phoenix-core.tlog\lib-link.write.1.tlog
c:\users\there\documents\visual studio 2017\projects\phoenix-engine\bin\debug\intermediates\phoenix-core\phoenix-core.tlog\lib.command.1.tlog
