c:\dev\phoebe-engine\bin\release\intermediates\phoebe-core\phoebe-core.pdb
c:\dev\phoebe-engine\bin\release\intermediates\phoebe-core\fontmanager.obj
c:\dev\phoebe-engine\bin\release\intermediates\phoebe-core\font.obj
c:\dev\phoebe-engine\bin\release\intermediates\phoebe-core\orthographiccamera.obj
c:\dev\phoebe-engine\bin\release\intermediates\phoebe-core\camera.obj
c:\dev\phoebe-engine\bin\release\intermediates\phoebe-core\vertexbuffer.obj
c:\dev\phoebe-engine\bin\release\intermediates\phoebe-core\vertexarray.obj
c:\dev\phoebe-engine\bin\release\intermediates\phoebe-core\indexbuffer.obj
c:\dev\phoebe-engine\bin\release\intermediates\phoebe-core\framebuffer.obj
c:\dev\phoebe-engine\bin\release\intermediates\phoebe-core\bufferlayout.obj
c:\dev\phoebe-engine\bin\release\intermediates\phoebe-core\debuginfo.obj
c:\dev\phoebe-engine\bin\release\intermediates\phoebe-core\soundmanager.obj
c:\dev\phoebe-engine\bin\release\intermediates\phoebe-core\sound.obj
c:\dev\phoebe-engine\bin\release\intermediates\phoebe-core\mesh.obj
c:\dev\phoebe-engine\bin\release\intermediates\phoebe-core\material.obj
c:\dev\phoebe-engine\bin\release\intermediates\phoebe-core\lightsetup.obj
c:\dev\phoebe-engine\bin\release\intermediates\phoebe-core\forwardrenderer.obj
c:\dev\phoebe-engine\bin\release\intermediates\phoebe-core\fpscamera.obj
c:\dev\phoebe-engine\bin\release\intermediates\phoebe-core\editorcamera.obj
c:\dev\phoebe-engine\bin\release\intermediates\phoebe-core\entitymanager.obj
c:\dev\phoebe-engine\bin\release\intermediates\phoebe-core\application.obj
c:\dev\phoebe-engine\bin\release\intermediates\phoebe-core\vec4.obj
c:\dev\phoebe-engine\bin\release\intermediates\phoebe-core\vec3.obj
c:\dev\phoebe-engine\bin\release\intermediates\phoebe-core\vec2.obj
c:\dev\phoebe-engine\bin\release\intermediates\phoebe-core\rectangle.obj
c:\dev\phoebe-engine\bin\release\intermediates\phoebe-core\quaternion.obj
c:\dev\phoebe-engine\bin\release\intermediates\phoebe-core\mat4.obj
c:\dev\phoebe-engine\bin\release\intermediates\phoebe-core\inputmanager.obj
c:\dev\phoebe-engine\bin\release\intermediates\phoebe-core\texture.obj
c:\dev\phoebe-engine\bin\release\intermediates\phoebe-core\shaderuniform.obj
c:\dev\phoebe-engine\bin\release\intermediates\phoebe-core\shader.obj
c:\dev\phoebe-engine\bin\release\intermediates\phoebe-core\sprite.obj
c:\dev\phoebe-engine\bin\release\intermediates\phoebe-core\renderer2d.obj
c:\dev\phoebe-engine\bin\release\intermediates\phoebe-core\layer2d.obj
c:\dev\phoebe-engine\bin\release\intermediates\phoebe-core\group.obj
c:\dev\phoebe-engine\bin\release\intermediates\phoebe-core\label.obj
c:\dev\phoebe-engine\bin\release\intermediates\phoebe-core\shadermanager.obj
c:\dev\phoebe-engine\bin\release\intermediates\phoebe-core\scene.obj
c:\dev\phoebe-engine\bin\release\intermediates\phoebe-core\rendersystem.obj
c:\dev\phoebe-engine\bin\release\intermediates\phoebe-core\renderable2d.obj
c:\dev\phoebe-engine\bin\release\intermediates\phoebe-core\model.obj
c:\dev\phoebe-engine\bin\release\intermediates\phoebe-core\timer.obj
c:\dev\phoebe-engine\bin\release\intermediates\phoebe-core\image.obj
c:\dev\phoebe-engine\bin\release\intermediates\phoebe-core\window.obj
c:\dev\phoebe-engine\bin\release\intermediates\phoebe-core\filemanager.obj
c:\dev\phoebe-engine\bin\release\intermediates\phoebe-core\menu.obj
c:\dev\phoebe-engine\bin\release\intermediates\phoebe-core\meshfactory.obj
c:\dev\phoebe-engine\bin\release\intermediates\phoebe-core\mat3.obj
c:\dev\phoebe-engine\bin\release\intermediates\phoebe-core\textureatlas.obj
c:\dev\phoebe-engine\bin\release\intermediates\phoebe-core\texture2d.obj
c:\dev\phoebe-engine\bin\release\intermediates\phoebe-core\texturecube.obj
c:\dev\phoebe-engine\bin\release\intermediates\phoebe-core\shaderresource.obj
c:\dev\phoebe-engine\bin\release\intermediates\phoebe-core\uniformbuffer.obj
c:\dev\phoebe-engine\bin\release\intermediates\phoebe-core\light.obj
c:\dev\phoebe-engine\bin\release\intermediates\phoebe-core\imgui_impl_glfw_gl3.obj
c:\dev\phoebe-engine\bin\release\intermediates\phoebe-core\imgui_draw.obj
c:\dev\phoebe-engine\bin\release\intermediates\phoebe-core\imgui_demo.obj
c:\dev\phoebe-engine\bin\release\intermediates\phoebe-core\imgui.obj
c:\dev\phoebe-engine\bin\release\intermediates\phoebe-core\allocator.obj
c:\dev\phoebe-engine\bin\release\intermediates\phoebe-core\performanceinfo.obj
c:\dev\phoebe-engine\bin\release\intermediates\phoebe-core\debugmenu.obj
c:\dev\phoebe-engine\bin\release\intermediates\phoebe-core\uniform.obj
c:\dev\phoebe-engine\bin\release\intermediates\phoebe-core\uniformresource.obj
c:\dev\phoebe-engine\bin\release\intermediates\phoebe-core\win32memory.obj
c:\dev\phoebe-engine\bin\release\intermediates\phoebe-core\color.obj
c:\dev\phoebe-engine\bin\release\intermediates\phoebe-core\quat.obj
c:\dev\phoebe-engine\bin\release\phoebe-core.lib
c:\dev\phoebe-engine\bin\release\intermediates\phoebe-core\phoebe-core.tlog\cl.command.1.tlog
c:\dev\phoebe-engine\bin\release\intermediates\phoebe-core\phoebe-core.tlog\cl.read.1.tlog
c:\dev\phoebe-engine\bin\release\intermediates\phoebe-core\phoebe-core.tlog\cl.write.1.tlog
c:\dev\phoebe-engine\bin\release\intermediates\phoebe-core\phoebe-core.tlog\lib-link.read.1.tlog
c:\dev\phoebe-engine\bin\release\intermediates\phoebe-core\phoebe-core.tlog\lib-link.write.1.tlog
c:\dev\phoebe-engine\bin\release\intermediates\phoebe-core\phoebe-core.tlog\lib.command.1.tlog
