c:\dev\phoebe-engine\bin\debug\intermediates\phoebe-core\phoebe-core.pdb
c:\dev\phoebe-engine\bin\debug\intermediates\phoebe-core\phoebe-core.idb
c:\dev\phoebe-engine\bin\debug\intermediates\phoebe-core\label.obj
c:\dev\phoebe-engine\bin\debug\intermediates\phoebe-core\group.obj
c:\dev\phoebe-engine\bin\debug\intermediates\phoebe-core\layer2d.obj
c:\dev\phoebe-engine\bin\debug\intermediates\phoebe-core\renderer2d.obj
c:\dev\phoebe-engine\bin\debug\intermediates\phoebe-core\sprite.obj
c:\dev\phoebe-engine\bin\debug\intermediates\phoebe-core\shader.obj
c:\dev\phoebe-engine\bin\debug\intermediates\phoebe-core\shaderuniform.obj
c:\dev\phoebe-engine\bin\debug\intermediates\phoebe-core\texture.obj
c:\dev\phoebe-engine\bin\debug\intermediates\phoebe-core\inputmanager.obj
c:\dev\phoebe-engine\bin\debug\intermediates\phoebe-core\mat4.obj
c:\dev\phoebe-engine\bin\debug\intermediates\phoebe-core\quaternion.obj
c:\dev\phoebe-engine\bin\debug\intermediates\phoebe-core\rectangle.obj
c:\dev\phoebe-engine\bin\debug\intermediates\phoebe-core\vec2.obj
c:\dev\phoebe-engine\bin\debug\intermediates\phoebe-core\vec3.obj
c:\dev\phoebe-engine\bin\debug\intermediates\phoebe-core\vec4.obj
c:\dev\phoebe-engine\bin\debug\intermediates\phoebe-core\allocator.obj
c:\dev\phoebe-engine\bin\debug\intermediates\phoebe-core\filemanager.obj
c:\dev\phoebe-engine\bin\debug\intermediates\phoebe-core\window.obj
c:\dev\phoebe-engine\bin\debug\intermediates\phoebe-core\image.obj
c:\dev\phoebe-engine\bin\debug\intermediates\phoebe-core\timer.obj
c:\dev\phoebe-engine\bin\debug\intermediates\phoebe-core\bufferlayout.obj
c:\dev\phoebe-engine\bin\debug\intermediates\phoebe-core\framebuffer.obj
c:\dev\phoebe-engine\bin\debug\intermediates\phoebe-core\indexbuffer.obj
c:\dev\phoebe-engine\bin\debug\intermediates\phoebe-core\vertexarray.obj
c:\dev\phoebe-engine\bin\debug\intermediates\phoebe-core\vertexbuffer.obj
c:\dev\phoebe-engine\bin\debug\intermediates\phoebe-core\camera.obj
c:\dev\phoebe-engine\bin\debug\intermediates\phoebe-core\orthographiccamera.obj
c:\dev\phoebe-engine\bin\debug\intermediates\phoebe-core\perspectivecamera.obj
c:\dev\phoebe-engine\bin\debug\intermediates\phoebe-core\font.obj
c:\dev\phoebe-engine\bin\debug\intermediates\phoebe-core\fontmanager.obj
c:\dev\phoebe-engine\bin\debug\intermediates\phoebe-core\forwardrenderer.obj
c:\dev\phoebe-engine\bin\debug\intermediates\phoebe-core\layer3d.obj
c:\dev\phoebe-engine\bin\debug\intermediates\phoebe-core\light.obj
c:\dev\phoebe-engine\bin\debug\intermediates\phoebe-core\lightsetup.obj
c:\dev\phoebe-engine\bin\debug\intermediates\phoebe-core\material.obj
c:\dev\phoebe-engine\bin\debug\intermediates\phoebe-core\mesh.obj
c:\dev\phoebe-engine\bin\debug\intermediates\phoebe-core\model.obj
c:\dev\phoebe-engine\bin\debug\intermediates\phoebe-core\renderable2d.obj
c:\dev\phoebe-engine\bin\debug\intermediates\phoebe-core\scene.obj
c:\dev\phoebe-engine\bin\debug\intermediates\phoebe-core\shadermanager.obj
c:\dev\phoebe-engine\bin\debug\intermediates\phoebe-core\sound.obj
c:\dev\phoebe-engine\bin\debug\intermediates\phoebe-core\soundmanager.obj
c:\dev\phoebe-engine\bin\debug\intermediates\phoebe-core\debuginfolayer.obj
c:\dev\phoebe-engine\bin\debug\intermediates\phoebe-core\entitymanager.obj
c:\dev\phoebe-engine\bin\debug\intermediates\phoebe-core\debuginfo.obj
c:\dev\phoebe-engine\bin\debug\intermediates\phoebe-core\fpscamera.obj
c:\dev\phoebe-engine\bin\debug\phoebe-core.lib
c:\dev\phoebe-engine\bin\debug\intermediates\phoebe-core\entitysystem.obj
c:\dev\phoebe-engine\bin\debug\phoebe-core.pdb
c:\dev\phoebe-engine\bin\debug\intermediates\phoebe-core\phoebe-core.tlog\cl.command.1.tlog
c:\dev\phoebe-engine\bin\debug\intermediates\phoebe-core\phoebe-core.tlog\cl.read.1.tlog
c:\dev\phoebe-engine\bin\debug\intermediates\phoebe-core\phoebe-core.tlog\cl.write.1.tlog
c:\dev\phoebe-engine\bin\debug\intermediates\phoebe-core\phoebe-core.tlog\lib-link.read.1.tlog
c:\dev\phoebe-engine\bin\debug\intermediates\phoebe-core\phoebe-core.tlog\lib-link.write.1.tlog
c:\dev\phoebe-engine\bin\debug\intermediates\phoebe-core\phoebe-core.tlog\lib.command.1.tlog
