c:\users\there\documents\visual studio 2015\projects\phoenix\bin\release\intermediates\phoenix-core\phoenix-core.pdb
c:\users\there\documents\visual studio 2015\projects\phoenix\bin\release\intermediates\phoenix-core\sprite.obj
c:\users\there\documents\visual studio 2015\projects\phoenix\bin\release\intermediates\phoenix-core\renderer.obj
c:\users\there\documents\visual studio 2015\projects\phoenix\bin\release\intermediates\phoenix-core\layer.obj
c:\users\there\documents\visual studio 2015\projects\phoenix\bin\release\intermediates\phoenix-core\group.obj
c:\users\there\documents\visual studio 2015\projects\phoenix\bin\release\intermediates\phoenix-core\label.obj
c:\users\there\documents\visual studio 2015\projects\phoenix\bin\release\intermediates\phoenix-core\rectangle.obj
c:\users\there\documents\visual studio 2015\projects\phoenix\bin\release\intermediates\phoenix-core\shadermanager.obj
c:\users\there\documents\visual studio 2015\projects\phoenix\bin\release\intermediates\phoenix-core\renderobject.obj
c:\users\there\documents\visual studio 2015\projects\phoenix\bin\release\intermediates\phoenix-core\fontmanager.obj
c:\users\there\documents\visual studio 2015\projects\phoenix\bin\release\intermediates\phoenix-core\font.obj
c:\users\there\documents\visual studio 2015\projects\phoenix\bin\release\intermediates\phoenix-core\orthographiccamera.obj
c:\users\there\documents\visual studio 2015\projects\phoenix\bin\release\intermediates\phoenix-core\camera.obj
c:\users\there\documents\visual studio 2015\projects\phoenix\bin\release\intermediates\phoenix-core\vertexbuffer.obj
c:\users\there\documents\visual studio 2015\projects\phoenix\bin\release\intermediates\phoenix-core\vertexarray.obj
c:\users\there\documents\visual studio 2015\projects\phoenix\bin\release\intermediates\phoenix-core\indexbuffer.obj
c:\users\there\documents\visual studio 2015\projects\phoenix\bin\release\intermediates\phoenix-core\framebuffer.obj
c:\users\there\documents\visual studio 2015\projects\phoenix\bin\release\intermediates\phoenix-core\bufferlayout.obj
c:\users\there\documents\visual studio 2015\projects\phoenix\bin\release\intermediates\phoenix-core\debuglayer.obj
c:\users\there\documents\visual studio 2015\projects\phoenix\bin\release\intermediates\phoenix-core\soundmanager.obj
c:\users\there\documents\visual studio 2015\projects\phoenix\bin\release\intermediates\phoenix-core\sound.obj
c:\users\there\documents\visual studio 2015\projects\phoenix\bin\release\intermediates\phoenix-core\timer.obj
c:\users\there\documents\visual studio 2015\projects\phoenix\bin\release\intermediates\phoenix-core\image.obj
c:\users\there\documents\visual studio 2015\projects\phoenix\bin\release\intermediates\phoenix-core\window.obj
c:\users\there\documents\visual studio 2015\projects\phoenix\bin\release\intermediates\phoenix-core\filemanager.obj
c:\users\there\documents\visual studio 2015\projects\phoenix\bin\release\intermediates\phoenix-core\scene.obj
c:\users\there\documents\visual studio 2015\projects\phoenix\bin\release\intermediates\phoenix-core\particle.obj
c:\users\there\documents\visual studio 2015\projects\phoenix\bin\release\intermediates\phoenix-core\vec4.obj
c:\users\there\documents\visual studio 2015\projects\phoenix\bin\release\intermediates\phoenix-core\vec3.obj
c:\users\there\documents\visual studio 2015\projects\phoenix\bin\release\intermediates\phoenix-core\vec2.obj
c:\users\there\documents\visual studio 2015\projects\phoenix\bin\release\intermediates\phoenix-core\mat4.obj
c:\users\there\documents\visual studio 2015\projects\phoenix\bin\release\intermediates\phoenix-core\inputmanager.obj
c:\users\there\documents\visual studio 2015\projects\phoenix\bin\release\intermediates\phoenix-core\texture.obj
c:\users\there\documents\visual studio 2015\projects\phoenix\bin\release\intermediates\phoenix-core\shader.obj
c:\users\there\documents\visual studio 2015\projects\phoenix\bin\release\intermediates\phoenix-core\vc140.pdb
c:\users\there\documents\visual studio 2015\projects\phoenix\bin\release\intermediates\phoenix-core\memory.obj
c:\users\there\documents\visual studio 2015\projects\phoenix\bin\release\intermediates\phoenix-core\rendersurface.obj
c:\users\there\documents\visual studio 2015\projects\phoenix\bin\release\intermediates\phoenix-core\renderable.obj
c:\users\there\documents\visual studio 2015\projects\phoenix\bin\release\intermediates\phoenix-core\application.obj
c:\users\there\documents\visual studio 2015\projects\phoenix\bin\release\phoenix-core.dll
c:\users\there\documents\visual studio 2015\projects\phoenix\bin\release\phoenix-core.ipdb
c:\users\there\documents\visual studio 2015\projects\phoenix\bin\release\phoenix-core.iobj
c:\users\there\documents\visual studio 2015\projects\phoenix\bin\release\phoenix-core.pdb
c:\users\there\documents\visual studio 2015\projects\phoenix\bin\release\intermediates\phoenix-core\phoenix-core.tlog\cl.command.1.tlog
c:\users\there\documents\visual studio 2015\projects\phoenix\bin\release\intermediates\phoenix-core\phoenix-core.tlog\cl.read.1.tlog
c:\users\there\documents\visual studio 2015\projects\phoenix\bin\release\intermediates\phoenix-core\phoenix-core.tlog\cl.write.1.tlog
c:\users\there\documents\visual studio 2015\projects\phoenix\bin\release\intermediates\phoenix-core\phoenix-core.tlog\lib-link.read.1.tlog
c:\users\there\documents\visual studio 2015\projects\phoenix\bin\release\intermediates\phoenix-core\phoenix-core.tlog\lib-link.write.1.tlog
c:\users\there\documents\visual studio 2015\projects\phoenix\bin\release\intermediates\phoenix-core\phoenix-core.tlog\lib.command.1.tlog
c:\users\there\documents\visual studio 2015\projects\phoenix\bin\release\intermediates\phoenix-core\phoenix-core.tlog\link.command.1.tlog
c:\users\there\documents\visual studio 2015\projects\phoenix\bin\release\intermediates\phoenix-core\phoenix-core.tlog\link.read.1.tlog
c:\users\there\documents\visual studio 2015\projects\phoenix\bin\release\intermediates\phoenix-core\phoenix-core.tlog\link.write.1.tlog
c:\users\there\documents\visual studio 2015\projects\phoenix\bin\release\intermediates\phoenix-core\phoenix-core.tlog\phoenix-core.write.1u.tlog
