  Application.cpp
  Sound.cpp
  SoundManager.cpp
  DebugInfoLayer.cpp
  BufferLayout.cpp
  Framebuffer.cpp
  IndexBuffer.cpp
  VertexArray.cpp
  VertexBuffer.cpp
  Camera.cpp
  OrthographicCamera.cpp
  Font.cpp
  FontManager.cpp
  Renderable.cpp
  ShaderManager.cpp
  Label.cpp
  Group.cpp
  Layer.cpp
  Renderer.cpp
  Sprite.cpp
  Compiling...
  Shader.cpp
  Texture.cpp
  InputManager.cpp
  Particle.cpp
  Mat4.cpp
  Rectangle.cpp
  Vec2.cpp
  Vec3.cpp
  Vec4.cpp
  Scene.cpp
  Memory.cpp
  FileManager.cpp
  Window.cpp
  Image.cpp
  Timer.cpp
  Phoenix-core.vcxproj -> C:\Users\TheRe\Documents\Visual Studio 2017\Projects\Phoenix-Engine\bin\Release\Phoenix-core.lib
